<?xml version="1.0" encoding="utf-8"?><testsuites><testsuite name="pytest" errors="0" failures="0" skipped="0" tests="4" time="6.580" timestamp="2025-02-09T18:37:31.737838" hostname="DESKTOP-2UFIN1A"><testcase classname="tests.model.test_model.TestModel" name="test_model_fit" time="0.507" /><testcase classname="tests.model.test_model.TestModel" name="test_model_predict" time="0.470" /><testcase classname="tests.model.test_model.TestModel" name="test_model_preprocess_for_serving" time="0.315" /><testcase classname="tests.model.test_model.TestModel" name="test_model_preprocess_for_training" time="0.305" /></testsuite></testsuites>