<?xml version="1.0" encoding="utf-8"?><testsuites><testsuite name="pytest" errors="0" failures="0" skipped="0" tests="4" time="8.052" timestamp="2025-02-10T10:26:15.238558" hostname="DESKTOP-2UFIN1A"><testcase classname="tests.api.test_api.TestBatchPipeline" name="test_should_failed_unkown_column_1" time="0.066" /><testcase classname="tests.api.test_api.TestBatchPipeline" name="test_should_failed_unkown_column_2" time="0.018" /><testcase classname="tests.api.test_api.TestBatchPipeline" name="test_should_failed_unkown_column_3" time="0.018" /><testcase classname="tests.api.test_api.TestBatchPipeline" name="test_should_get_predict" time="0.170" /></testsuite></testsuites>